<?xml version="1.0" encoding="UTF-8"?>
<!-- Generated by org.testng.reporters.JUnitReportReporter -->
<testsuite hostname="DESKTOP-9PD5S9F" failures="0" tests="1" name="com.vtiger.test.TestCases" time="10.557" errors="0" timestamp="13 Mar 2024 05:02:32 GMT" skipped="0">
  <testcase classname="com.vtiger.test.TestCases" name="testcase1" time="10.557"/>
</testsuite> <!-- com.vtiger.test.TestCases -->
